<?xml version="1.0" encoding="UTF-8"?>
<coverage generated="1676478742802" clover="3.2.0">
  <project timestamp="1676478742803" name="All files">
    <metrics statements="12" coveredstatements="12" conditionals="4" coveredconditionals="4" methods="5" coveredmethods="5" elements="21" coveredelements="21" complexity="0" loc="12" ncloc="12" packages="1" files="4" classes="4"/>
    <file name="esPar.js" path="C:\Users\manue\OneDrive\Documentos\TDD\esPar.js">
      <metrics statements="4" coveredstatements="4" conditionals="2" coveredconditionals="2" methods="1" coveredmethods="1"/>
      <line num="4" count="6" type="cond" truecount="2" falsecount="0"/>
      <line num="5" count="3" type="stmt"/>
      <line num="7" count="3" type="stmt"/>
      <line num="11" count="1" type="stmt"/>
    </file>
    <file name="filtrarArray.js" path="C:\Users\manue\OneDrive\Documentos\TDD\filtrarArray.js">
      <metrics statements="2" coveredstatements="2" conditionals="0" coveredconditionals="0" methods="2" coveredmethods="2"/>
      <line num="2" count="4" type="stmt"/>
      <line num="5" count="1" type="stmt"/>
    </file>
    <file name="invertirString.js" path="C:\Users\manue\OneDrive\Documentos\TDD\invertirString.js">
      <metrics statements="4" coveredstatements="4" conditionals="2" coveredconditionals="2" methods="1" coveredmethods="1"/>
      <line num="4" count="4" type="cond" truecount="2" falsecount="0"/>
      <line num="5" count="1" type="stmt"/>
      <line num="7" count="3" type="stmt"/>
      <line num="10" count="1" type="stmt"/>
    </file>
    <file name="sum.js" path="C:\Users\manue\OneDrive\Documentos\TDD\sum.js">
      <metrics statements="2" coveredstatements="2" conditionals="0" coveredconditionals="0" methods="1" coveredmethods="1"/>
      <line num="2" count="1" type="stmt"/>
      <line num="5" count="1" type="stmt"/>
    </file>
  </project>
</coverage>
