{"C:\\Users\\manue\\OneDrive\\Documentos\\TDD\\esPar.js": {"path":"C:\\Users\\manue\\OneDrive\\Documentos\\TDD\\esPar.js","statementMap":{"0":{"start":{"line":4,"column":2},"end":{"line":8,"column":3}},"1":{"start":{"line":5,"column":4},"end":{"line":5,"column":16}},"2":{"start":{"line":7,"column":4},"end":{"line":7,"column":17}},"3":{"start":{"line":11,"column":0},"end":{"line":11,"column":23}}},"fnMap":{"0":{"name":"esPar","decl":{"start":{"line":3,"column":9},"end":{"line":3,"column":14}},"loc":{"start":{"line":3,"column":23},"end":{"line":9,"column":1}},"line":3}},"branchMap":{"0":{"loc":{"start":{"line":4,"column":2},"end":{"line":8,"column":3}},"type":"if","locations":[{"start":{"line":4,"column":2},"end":{"line":8,"column":3}},{"start":{"line":6,"column":9},"end":{"line":8,"column":3}}],"line":4}},"s":{"0":6,"1":3,"2":3,"3":1},"f":{"0":6},"b":{"0":[3,3]},"_coverageSchema":"1a1c01bbd47fc00a2c39e90264f33305004495a9","hash":"176cc4ec8b70c71dd244dd00c99be652ed4f45a4"}
,"C:\\Users\\manue\\OneDrive\\Documentos\\TDD\\filtrarArray.js": {"path":"C:\\Users\\manue\\OneDrive\\Documentos\\TDD\\filtrarArray.js","statementMap":{"0":{"start":{"line":2,"column":2},"end":{"line":2,"column":50}},"1":{"start":{"line":2,"column":30},"end":{"line":2,"column":48}},"2":{"start":{"line":5,"column":0},"end":{"line":5,"column":31}}},"fnMap":{"0":{"name":"filterByValue","decl":{"start":{"line":1,"column":9},"end":{"line":1,"column":22}},"loc":{"start":{"line":1,"column":33},"end":{"line":3,"column":1}},"line":1},"1":{"name":"(anonymous_1)","decl":{"start":{"line":2,"column":20},"end":{"line":2,"column":21}},"loc":{"start":{"line":2,"column":30},"end":{"line":2,"column":48}},"line":2}},"branchMap":{},"s":{"0":1,"1":4,"2":1},"f":{"0":1,"1":4},"b":{},"_coverageSchema":"1a1c01bbd47fc00a2c39e90264f33305004495a9","hash":"d82a5834b9045acb6e07aa55230845e43a4a0329"}
,"C:\\Users\\manue\\OneDrive\\Documentos\\TDD\\invertirString.js": {"path":"C:\\Users\\manue\\OneDrive\\Documentos\\TDD\\invertirString.js","statementMap":{"0":{"start":{"line":4,"column":2},"end":{"line":6,"column":3}},"1":{"start":{"line":5,"column":4},"end":{"line":5,"column":40}},"2":{"start":{"line":7,"column":2},"end":{"line":7,"column":45}},"3":{"start":{"line":10,"column":0},"end":{"line":10,"column":32}}},"fnMap":{"0":{"name":"invertirString","decl":{"start":{"line":3,"column":9},"end":{"line":3,"column":23}},"loc":{"start":{"line":3,"column":32},"end":{"line":8,"column":1}},"line":3}},"branchMap":{"0":{"loc":{"start":{"line":4,"column":2},"end":{"line":6,"column":3}},"type":"if","locations":[{"start":{"line":4,"column":2},"end":{"line":6,"column":3}},{"start":{},"end":{}}],"line":4}},"s":{"0":4,"1":1,"2":3,"3":1},"f":{"0":4},"b":{"0":[1,3]},"_coverageSchema":"1a1c01bbd47fc00a2c39e90264f33305004495a9","hash":"ffff6d6673257705de5844c9f1e6ad3da7d90534"}
,"C:\\Users\\manue\\OneDrive\\Documentos\\TDD\\sum.js": {"path":"C:\\Users\\manue\\OneDrive\\Documentos\\TDD\\sum.js","statementMap":{"0":{"start":{"line":2,"column":2},"end":{"line":2,"column":15}},"1":{"start":{"line":5,"column":0},"end":{"line":5,"column":21}}},"fnMap":{"0":{"name":"sum","decl":{"start":{"line":1,"column":9},"end":{"line":1,"column":12}},"loc":{"start":{"line":1,"column":19},"end":{"line":3,"column":1}},"line":1}},"branchMap":{},"s":{"0":1,"1":1},"f":{"0":1},"b":{},"_coverageSchema":"1a1c01bbd47fc00a2c39e90264f33305004495a9","hash":"90b5535afaa15cd8e66a0f56a80403460722cfbc"}
}
