TN:
SF:esPar.js
FN:3,esPar
FNF:1
FNH:1
FNDA:6,esPar
DA:4,6
DA:5,3
DA:7,3
DA:11,1
LF:4
LH:4
BRDA:4,0,0,3
BRDA:4,0,1,3
BRF:2
BRH:2
end_of_record
TN:
SF:filtrarArray.js
FN:1,filterByValue
FN:2,(anonymous_1)
FNF:2
FNH:2
FNDA:1,filterByValue
FNDA:4,(anonymous_1)
DA:2,4
DA:5,1
LF:2
LH:2
BRF:0
BRH:0
end_of_record
TN:
SF:invertirString.js
FN:3,invertirString
FNF:1
FNH:1
FNDA:4,invertirString
DA:4,4
DA:5,1
DA:7,3
DA:10,1
LF:4
LH:4
BRDA:4,0,0,1
BRDA:4,0,1,3
BRF:2
BRH:2
end_of_record
TN:
SF:sum.js
FN:1,sum
FNF:1
FNH:1
FNDA:1,sum
DA:2,1
DA:5,1
LF:2
LH:2
BRF:0
BRH:0
end_of_record
